<?xml version="1.0" encoding="UTF-8"?>
<testsuite name="TestSuite" time="1,063.51" tests="15" errors="0" skipped="0" failures="3">
  <properties>
[...]
</properties>
  <testcase name="ClientCodeFunctionalityTest" classname="ModulesTests.IBMScoreTests" time="45.027"/>
  <testcase name="Estimated_and_Negotiated_ValidationTest" classname="ModulesTests.IBMScoreTests" time="33.378"/>
  <testcase name="CostCalculationInUSDTest" classname="ModulesTests.IBMScoreTests" time="43.63">
    <failure message=" expected:&lt;22.134&gt; but was:&lt;22.135&gt;" type="java.lang.AssertionError"><![CDATA[java.lang.AssertionError:  expected:<22.134> but was:<22.135>
	at org.testng.Assert.fail(Assert.java:89)
	at org.testng.Assert.failNotEquals(Assert.java:489)
	at org.testng.Assert.assertEquals(Assert.java:118)
	at org.testng.Assert.assertEquals(Assert.java:171)
	at Modules.IBMScore.CostCalculationInUSD(IBMScore.java:437)
	at ModulesTests.IBMScoreTests.CostCalculationInUSDTest(IBMScoreTests.java:41)
]]></failure>
    <system-out><![CDATA[ERR -- Navigating to URLhttp://test.salesforce.comnull value in entry: url=null
Executing click..
Executing click..
Executing click..
Executing select Keyword.. 
PASS -- Selecting an option from drop down box..[[ChromeDriver: chrome on XP (676bc1988bedd1de1aef5807f8a06ec5)] -> xpath: //label[text()='Client Region']/following::select[1]] and with text -- International
Executing select Keyword.. 
PASS -- Selecting an option from drop down box..[[ChromeDriver: chrome on XP (676bc1988bedd1de1aef5807f8a06ec5)] -> xpath: //label[text()='Savings Type']/following::select[1]] and with text -- Efficiencies
Executing click..
Executing writing to a text box..
Writing to a text box is successful..
Executing click..
Executing writing to a text box..
Writing to a text box is successful..
Executing select Keyword.. 
PASS -- Selecting an option from drop down box..[[ChromeDriver: chrome on XP (676bc1988bedd1de1aef5807f8a06ec5)] -> xpath: //label[text()='Vendor Type']/following::select[1]] and with text -- IBM Preferred
Executing writing to a text box..
Writing to a text box is successful..
Executing select Keyword.. 
PASS -- Selecting an option from drop down box..[[ChromeDriver: chrome on XP (676bc1988bedd1de1aef5807f8a06ec5)] -> xpath: //label[text()='Country']/following::select[1]] and with text -- India / South Asia
Executing writing to a text box..
Writing to a text box is successful..
Executing writing to a text box..
Writing to a text box is successful..
Executing writing to a text box..
Writing to a text box is successful..
Executing writing to a text box..
Writing to a text box is successful..
Executing select Keyword.. 
PASS -- Selecting an option from drop down box..[[ChromeDriver: chrome on XP (676bc1988bedd1de1aef5807f8a06ec5)] -> xpath: //label[text()='Client Code']/following::select[1]] and with text -- 1208 - IBM
Executing select Keyword.. 
PASS -- Selecting an option from drop down box..[[ChromeDriver: chrome on XP (676bc1988bedd1de1aef5807f8a06ec5)] -> xpath: //label[text()='Non BU Specific Sub Program Framework']/following::select[1]] and with text -- Non BU Specific - Hrs Ovr Rtr
Executing click..
]]></system-out>
  </testcase>
  <testcase name="Entry_Date_Validation_QuarterTest" classname="ModulesTests.IBMScoreTests" time="35.484"/>
  <testcase name="SCORE_Date_Validation_QuarterTest" classname="ModulesTests.IBMScoreTests" time="30.991"/>
  <testcase name="JDE_Project_FunctionalityTest" classname="ModulesTests.IBMScoreTests" time="48.339"/>
  <testcase name="otherClientCodeFunctionalityTest" classname="ModulesTests.IBMScoreTests" time="32.197"/>
  <testcase name="GPJSCORECostSavingRecordSubmissionTest" classname="ModulesTests.IBMScoreTests" time="57.576"/>
  <testcase name="Field_Officer_FunctionalityTest" classname="ModulesTests.IBMScoreTests" time="137.062"/>
  <testcase name="Regional_Officer_FunctionalityTest" classname="ModulesTests.IBMScoreTests" time="184.004"/>
  <testcase name="Corporate_Officer_FunctionalityTest" classname="ModulesTests.IBMScoreTests" time="161.937"/>
  <testcase name="Verify_Draft_SCORE_All_Aprroval_For_RegionalUserTest" classname="ModulesTests.IBMScoreTests" time="154.173"/>
  <testcase name="Only_RecordOwner_Allowed_To_Submit_ScoreTest" classname="ModulesTests.IBMScoreTests" time="55.822"/>
  <testcase name="Corporate_Approval_Not_Deleted_By_FieldandRegionalUsersTest" classname="ModulesTests.IBMScoreTests" time="9.302">
    <failure message="unknown error: Element &lt;div class=&quot;x-grid3-cell-inner x-grid3-col-NAME&quot; id=&quot;a5i22000000AMyS_NAME&quot;&gt;...&lt;/div&gt; is not clickable at point (412, 292). Other element would receive the click: &lt;h4&gt;...&lt;/h4&gt;&#10;  (Session info: chrome=56.0.2924.87)&#10;  (Driver info: chromedriver=2.27.440174 (e97a722caafc2d3a8b807ee115bfb307f7d2cfd9),platform=Windows NT 10.0.14393 x86_64) (WARNING: The server did not provide any stacktrace information)&#10;Command duration or timeout: 56 milliseconds&#10;Build info: version: &apos;2.47.1&apos;, revision: &apos;unknown&apos;, time: &apos;2015-07-30 11:02:44&apos;&#10;System info: host: &apos;DESKTOP-9JV455Q&apos;, ip: &apos;10.1.0.131&apos;, os.name: &apos;Windows 10&apos;, os.arch: &apos;x86&apos;, os.version: &apos;10.0&apos;, java.version: &apos;1.8.0_66&apos;&#10;Driver info: org.openqa.selenium.chrome.ChromeDriver&#10;Capabilities [{applicationCacheEnabled=false, rotatable=false, mobileEmulationEnabled=false, networkConnectionEnabled=false, chrome={chromedriverVersion=2.27.440174 (e97a722caafc2d3a8b807ee115bfb307f7d2cfd9), userDataDir=C:\WINDOWS\TEMP\scoped_dir5292_20193}, takesHeapSnapshot=true, pageLoadStrategy=normal, databaseEnabled=false, handlesAlerts=true, hasTouchScreen=false, version=56.0.2924.87, platform=XP, browserConnectionEnabled=false, nativeEvents=true, acceptSslCerts=true, locationContextEnabled=true, webStorageEnabled=true, browserName=chrome, takesScreenshot=true, javascriptEnabled=true, cssSelectorsEnabled=true, unexpectedAlertBehaviour=}]&#10;Session ID: 676bc1988bedd1de1aef5807f8a06ec5" type="org.openqa.selenium.WebDriverException"><![CDATA[org.openqa.selenium.WebDriverException: unknown error: Element <div class="x-grid3-cell-inner x-grid3-col-NAME" id="a5i22000000AMyS_NAME">...</div> is not clickable at point (412, 292). Other element would receive the click: <h4>...</h4>
  (Session info: chrome=56.0.2924.87)
  (Driver info: chromedriver=2.27.440174 (e97a722caafc2d3a8b807ee115bfb307f7d2cfd9),platform=Windows NT 10.0.14393 x86_64) (WARNING: The server did not provide any stacktrace information)
Command duration or timeout: 56 milliseconds
Build info: version: '2.47.1', revision: 'unknown', time: '2015-07-30 11:02:44'
System info: host: 'DESKTOP-9JV455Q', ip: '10.1.0.131', os.name: 'Windows 10', os.arch: 'x86', os.version: '10.0', java.version: '1.8.0_66'
Driver info: org.openqa.selenium.chrome.ChromeDriver
Capabilities [{applicationCacheEnabled=false, rotatable=false, mobileEmulationEnabled=false, networkConnectionEnabled=false, chrome={chromedriverVersion=2.27.440174 (e97a722caafc2d3a8b807ee115bfb307f7d2cfd9), userDataDir=C:\WINDOWS\TEMP\scoped_dir5292_20193}, takesHeapSnapshot=true, pageLoadStrategy=normal, databaseEnabled=false, handlesAlerts=true, hasTouchScreen=false, version=56.0.2924.87, platform=XP, browserConnectionEnabled=false, nativeEvents=true, acceptSslCerts=true, locationContextEnabled=true, webStorageEnabled=true, browserName=chrome, takesScreenshot=true, javascriptEnabled=true, cssSelectorsEnabled=true, unexpectedAlertBehaviour=}]
Session ID: 676bc1988bedd1de1aef5807f8a06ec5
	at sun.reflect.NativeConstructorAccessorImpl.newInstance0(Native Method)
	at sun.reflect.NativeConstructorAccessorImpl.newInstance(Unknown Source)
	at sun.reflect.DelegatingConstructorAccessorImpl.newInstance(Unknown Source)
	at java.lang.reflect.Constructor.newInstance(Unknown Source)
	at org.openqa.selenium.remote.ErrorHandler.createThrowable(ErrorHandler.java:206)
	at org.openqa.selenium.remote.ErrorHandler.throwIfResponseFailed(ErrorHandler.java:158)
	at org.openqa.selenium.remote.RemoteWebDriver.execute(RemoteWebDriver.java:595)
	at org.openqa.selenium.remote.RemoteWebElement.execute(RemoteWebElement.java:273)
	at org.openqa.selenium.remote.RemoteWebElement.click(RemoteWebElement.java:84)
	at Modules.IBMScore.Corporate_Approval_Not_Deleted_By_FieldandRegionalUsers(IBMScore.java:1120)
	at ModulesTests.IBMScoreTests.Corporate_Approval_Not_Deleted_By_FieldandRegionalUsersTest(IBMScoreTests.java:113)
]]></failure>
    <system-out><![CDATA[ERR -- Navigating to URLhttp://test.salesforce.comnull value in entry: url=null
Executing click..
Executing click..
Executing click..
]]></system-out>
  </testcase>
  <testcase name="Summition_Of_SavingsInUSD_OnApprovalPageTest" classname="ModulesTests.IBMScoreTests" time="34.588">
    <failure message="no such element: Unable to locate element: {&quot;method&quot;:&quot;xpath&quot;,&quot;selector&quot;:&quot;//div[@class=&apos;title&apos;]&quot;}&#10;  (Session info: chrome=56.0.2924.87)&#10;  (Driver info: chromedriver=2.27.440174 (e97a722caafc2d3a8b807ee115bfb307f7d2cfd9),platform=Windows NT 10.0.14393 x86_64) (WARNING: The server did not provide any stacktrace information)&#10;Command duration or timeout: 20.80 seconds&#10;For documentation on this error, please visit: http://seleniumhq.org/exceptions/no_such_element.html&#10;Build info: version: &apos;2.47.1&apos;, revision: &apos;unknown&apos;, time: &apos;2015-07-30 11:02:44&apos;&#10;System info: host: &apos;DESKTOP-9JV455Q&apos;, ip: &apos;10.1.0.131&apos;, os.name: &apos;Windows 10&apos;, os.arch: &apos;x86&apos;, os.version: &apos;10.0&apos;, java.version: &apos;1.8.0_66&apos;&#10;Driver info: org.openqa.selenium.chrome.ChromeDriver&#10;Capabilities [{applicationCacheEnabled=false, rotatable=false, mobileEmulationEnabled=false, networkConnectionEnabled=false, chrome={chromedriverVersion=2.27.440174 (e97a722caafc2d3a8b807ee115bfb307f7d2cfd9), userDataDir=C:\WINDOWS\TEMP\scoped_dir5292_20193}, takesHeapSnapshot=true, pageLoadStrategy=normal, databaseEnabled=false, handlesAlerts=true, hasTouchScreen=false, version=56.0.2924.87, platform=XP, browserConnectionEnabled=false, nativeEvents=true, acceptSslCerts=true, locationContextEnabled=true, webStorageEnabled=true, browserName=chrome, takesScreenshot=true, javascriptEnabled=true, cssSelectorsEnabled=true, unexpectedAlertBehaviour=}]&#10;Session ID: 676bc1988bedd1de1aef5807f8a06ec5&#10;*** Element info: {Using=xpath, value=//div[@class=&apos;title&apos;]}" type="org.openqa.selenium.NoSuchElementException">org.openqa.selenium.NoSuchElementException: no such element: Unable to locate element: {"method":"xpath","selector":"//div[@class='title']"}
  (Session info: chrome=56.0.2924.87)
  (Driver info: chromedriver=2.27.440174 (e97a722caafc2d3a8b807ee115bfb307f7d2cfd9),platform=Windows NT 10.0.14393 x86_64) (WARNING: The server did not provide any stacktrace information)
Command duration or timeout: 20.80 seconds
For documentation on this error, please visit: http://seleniumhq.org/exceptions/no_such_element.html
Build info: version: '2.47.1', revision: 'unknown', time: '2015-07-30 11:02:44'
System info: host: 'DESKTOP-9JV455Q', ip: '10.1.0.131', os.name: 'Windows 10', os.arch: 'x86', os.version: '10.0', java.version: '1.8.0_66'
Driver info: org.openqa.selenium.chrome.ChromeDriver
Capabilities [{applicationCacheEnabled=false, rotatable=false, mobileEmulationEnabled=false, networkConnectionEnabled=false, chrome={chromedriverVersion=2.27.440174 (e97a722caafc2d3a8b807ee115bfb307f7d2cfd9), userDataDir=C:\WINDOWS\TEMP\scoped_dir5292_20193}, takesHeapSnapshot=true, pageLoadStrategy=normal, databaseEnabled=false, handlesAlerts=true, hasTouchScreen=false, version=56.0.2924.87, platform=XP, browserConnectionEnabled=false, nativeEvents=true, acceptSslCerts=true, locationContextEnabled=true, webStorageEnabled=true, browserName=chrome, takesScreenshot=true, javascriptEnabled=true, cssSelectorsEnabled=true, unexpectedAlertBehaviour=}]
Session ID: 676bc1988bedd1de1aef5807f8a06ec5
*** Element info: {Using=xpath, value=//div[@class='title']}
	at sun.reflect.NativeConstructorAccessorImpl.newInstance0(Native Method)
	at sun.reflect.NativeConstructorAccessorImpl.newInstance(Unknown Source)
	at sun.reflect.DelegatingConstructorAccessorImpl.newInstance(Unknown Source)
	at java.lang.reflect.Constructor.newInstance(Unknown Source)
	at org.openqa.selenium.remote.ErrorHandler.createThrowable(ErrorHandler.java:206)
	at org.openqa.selenium.remote.ErrorHandler.throwIfResponseFailed(ErrorHandler.java:158)
	at org.openqa.selenium.remote.RemoteWebDriver.execute(RemoteWebDriver.java:595)
	at org.openqa.selenium.remote.RemoteWebDriver.findElement(RemoteWebDriver.java:348)
	at org.openqa.selenium.remote.RemoteWebDriver.findElementByXPath(RemoteWebDriver.java:445)
	at org.openqa.selenium.By$ByXPath.findElement(By.java:358)
	at org.openqa.selenium.remote.RemoteWebDriver.findElement(RemoteWebDriver.java:340)
	at org.openqa.selenium.support.pagefactory.DefaultElementLocator.findElement(DefaultElementLocator.java:69)
	at org.openqa.selenium.support.pagefactory.internal.LocatingElementHandler.invoke(LocatingElementHandler.java:38)
	at com.sun.proxy.$Proxy5.getText(Unknown Source)
	at Modules.IBMScore.Summition_Of_SavingsInUSD_OnApprovalPage(IBMScore.java:1227)
	at ModulesTests.IBMScoreTests.Summition_Of_SavingsInUSD_OnApprovalPageTest(IBMScoreTests.java:120)
</failure>
    <system-out><![CDATA[ERR -- Navigating to URLhttp://test.salesforce.comnull value in entry: url=null
Executing click..
Executing click..
Executing click..
]]></system-out>
  </testcase>
</testsuite>